d:\clouds\onedrive\github\-2015-pwr-zmpo1\valuesnew\valuesnew\valuesnewlib\debug\valuesnewlib.pch
d:\clouds\onedrive\github\-2015-pwr-zmpo1\valuesnew\valuesnew\valuesnewlib\debug\valuesnewlib.pdb
d:\clouds\onedrive\github\-2015-pwr-zmpo1\valuesnew\valuesnew\valuesnewlib\debug\valuesnewlib.idb
d:\clouds\onedrive\github\-2015-pwr-zmpo1\valuesnew\valuesnew\valuesnewlib\debug\stdafx.obj
d:\clouds\onedrive\github\-2015-pwr-zmpo1\valuesnew\valuesnew\valuesnewlib\debug\alphabet.obj
d:\clouds\onedrive\github\-2015-pwr-zmpo1\valuesnew\valuesnew\valuesnewlib\debug\binary.obj
d:\clouds\onedrive\github\-2015-pwr-zmpo1\valuesnew\valuesnew\valuesnewlib\debug\binarydecimal.obj
d:\clouds\onedrive\github\-2015-pwr-zmpo1\valuesnew\valuesnew\valuesnewlib\debug\functionalclass.obj
d:\clouds\onedrive\github\-2015-pwr-zmpo1\valuesnew\valuesnew\valuesnewlib\debug\ivalue.obj
d:\clouds\onedrive\github\-2015-pwr-zmpo1\valuesnew\valuesnew\valuesnewlib\debug\nutils.obj
d:\clouds\onedrive\github\-2015-pwr-zmpo1\valuesnew\valuesnew\valuesnewlib\debug\positional.obj
d:\clouds\onedrive\github\-2015-pwr-zmpo1\valuesnew\valuesnew\valuesnewlib\debug\decimal.obj
d:\clouds\onedrive\github\-2015-pwr-zmpo1\valuesnew\valuesnew\valuesnewlib\debug\operation.obj
d:\clouds\onedrive\github\-2015-pwr-zmpo1\valuesnew\valuesnew\valuesnewlib\debug\add.obj
d:\clouds\onedrive\github\-2015-pwr-zmpo1\valuesnew\valuesnew\debug\valuesnewlib.lib
d:\clouds\onedrive\github\-2015-pwr-zmpo1\valuesnew\valuesnew\valuesnewlib\debug\valuesnewlib.res
d:\clouds\onedrive\github\-2015-pwr-zmpo1\valuesnew\valuesnew\debug\valuesnewlib.pdb
d:\clouds\onedrive\github\-2015-pwr-zmpo1\valuesnew\valuesnew\valuesnewlib\debug\valuesnewlib.tlog\cl.command.1.tlog
d:\clouds\onedrive\github\-2015-pwr-zmpo1\valuesnew\valuesnew\valuesnewlib\debug\valuesnewlib.tlog\cl.read.1.tlog
d:\clouds\onedrive\github\-2015-pwr-zmpo1\valuesnew\valuesnew\valuesnewlib\debug\valuesnewlib.tlog\cl.write.1.tlog
d:\clouds\onedrive\github\-2015-pwr-zmpo1\valuesnew\valuesnew\valuesnewlib\debug\valuesnewlib.tlog\lib-link-cvtres.read.1.tlog
d:\clouds\onedrive\github\-2015-pwr-zmpo1\valuesnew\valuesnew\valuesnewlib\debug\valuesnewlib.tlog\lib-link-cvtres.write.1.tlog
d:\clouds\onedrive\github\-2015-pwr-zmpo1\valuesnew\valuesnew\valuesnewlib\debug\valuesnewlib.tlog\lib.command.1.tlog
d:\clouds\onedrive\github\-2015-pwr-zmpo1\valuesnew\valuesnew\valuesnewlib\debug\valuesnewlib.tlog\rc.command.1.tlog
d:\clouds\onedrive\github\-2015-pwr-zmpo1\valuesnew\valuesnew\valuesnewlib\debug\valuesnewlib.tlog\rc.read.1.tlog
d:\clouds\onedrive\github\-2015-pwr-zmpo1\valuesnew\valuesnew\valuesnewlib\debug\valuesnewlib.tlog\rc.write.1.tlog
