Build started 12/15/2015 12:20:21 PM.
     1>Project "D:\Clouds\OneDrive\GitHub\-2015-Pwr-ZMPO1\ValuesNew\ValuesNew\ValuesNewLib\ValuesNewLib.vcxproj" on node 2 (Build target(s)).
     1>ClCompile:
         C:\Program Files (x86)\Microsoft Visual Studio 14.0\VC\bin\CL.exe /c /ZI /nologo /W3 /WX- /Od /Oy- /D WIN32 /D _DEBUG /D _LIB /D _UNICODE /D UNICODE /Gm /EHsc /RTC1 /MDd /GS /fp:precise /Zc:wchar_t /Zc:forScope /Zc:inline /Yu"stdafx.h" /Fp"Debug\ValuesNewLib.pch" /Fo"Debug\\" /Fd"Debug\ValuesNewLib.pdb" /Gd /TP /analyze- /errorReport:prompt Operation.cpp
         Operation.cpp
       Lib:
         C:\Program Files (x86)\Microsoft Visual Studio 14.0\VC\bin\Lib.exe /OUT:"D:\Clouds\OneDrive\GitHub\-2015-Pwr-ZMPO1\ValuesNew\ValuesNew\Debug\ValuesNewLib.lib" /NOLOGO Debug\ValuesNewLib.res
         Debug\Add.obj
         Debug\Alphabet.obj
         Debug\Binary.obj
         Debug\BinaryDecimal.obj
         Debug\Decimal.obj
         Debug\FunctionalClass.obj
         Debug\IValue.obj
         Debug\NUtils.obj
         Debug\Operation.obj
         Debug\Positional.obj
         Debug\stdafx.obj
     1>LINK : warning LNK4068: /MACHINE not specified; defaulting to X86
     1>FunctionalClass.obj : warning LNK4221: This object file does not define any previously undefined public symbols, so it will not be used by any link operation that consumes this library
     1>BinaryDecimal.obj : warning LNK4221: This object file does not define any previously undefined public symbols, so it will not be used by any link operation that consumes this library
     1>Add.obj : warning LNK4221: This object file does not define any previously undefined public symbols, so it will not be used by any link operation that consumes this library
         ValuesNewLib.vcxproj -> D:\Clouds\OneDrive\GitHub\-2015-Pwr-ZMPO1\ValuesNew\ValuesNew\Debug\ValuesNewLib.lib
     1>Done Building Project "D:\Clouds\OneDrive\GitHub\-2015-Pwr-ZMPO1\ValuesNew\ValuesNew\ValuesNewLib\ValuesNewLib.vcxproj" (Build target(s)).

Build succeeded.

Time Elapsed 00:00:00.92
